<?xml version="1.0" encoding="UTF-8"?>
<!-- Generated by org.testng.reporters.JUnitXMLReporter -->
<testsuite hostname="DESKTOP-M6BRS3A" ignored="1" name="Surefire test" tests="1" failures="0" timestamp="20 Nov 2018 14:49:10 GMT" time="0.015" errors="0">
  <testcase name="fakeSmokeTest" time="0.0" classname="Steps.FakeTests"/>
  <testcase name="fakeRegressionTest" time="0.0" classname="Steps.FakeTests">
    <ignored/>
  </testcase> <!-- fakeRegressionTest -->
</testsuite> <!-- Surefire test -->
