<?xml version="1.0" encoding="UTF-8"?>
<testng-results skipped="0" failed="0" ignored="1" total="2" passed="1">
  <reporter-output>
  </reporter-output>
  <suite name="Surefire suite" duration-ms="15" started-at="2018-11-20T14:49:10Z" finished-at="2018-11-20T14:49:10Z">
    <groups>
      <group name="regression">
        <method signature="FakeTests.fakeSmokeTest()[pri:0, instance:Steps.FakeTests@4c70fda8]" name="fakeSmokeTest" class="Steps.FakeTests"/>
      </group> <!-- regression -->
      <group name="smoke">
        <method signature="FakeTests.fakeSmokeTest()[pri:0, instance:Steps.FakeTests@4c70fda8]" name="fakeSmokeTest" class="Steps.FakeTests"/>
      </group> <!-- smoke -->
    </groups>
    <test name="Surefire test" duration-ms="15" started-at="2018-11-20T14:49:10Z" finished-at="2018-11-20T14:49:10Z">
      <class name="Steps.FakeTests">
        <test-method status="PASS" signature="fakeSmokeTest()[pri:0, instance:Steps.FakeTests@4c70fda8]" name="fakeSmokeTest" duration-ms="0" started-at="2018-11-20T14:49:10Z" finished-at="2018-11-20T14:49:10Z">
          <reporter-output>
          </reporter-output>
        </test-method> <!-- fakeSmokeTest -->
      </class> <!-- Steps.FakeTests -->
    </test> <!-- Surefire test -->
  </suite> <!-- Surefire suite -->
</testng-results>
